[debug] [2021-04-08T12:51:58.099Z] ----------------------------------------------------------------------
[debug] [2021-04-08T12:51:58.103Z] Command:       C:\Program Files\nodejs\node.exe C:\Users\SAJID\AppData\Roaming\npm\node_modules\firebase-tools\lib\bin\firebase.js deploy
[debug] [2021-04-08T12:51:58.104Z] CLI Version:   9.9.0
[debug] [2021-04-08T12:51:58.104Z] Platform:      win32
[debug] [2021-04-08T12:51:58.104Z] Node Version:  v14.15.3
[debug] [2021-04-08T12:51:58.115Z] Time:          Thu Apr 08 2021 18:51:58 GMT+0600 (Bangladesh Standard Time)
[debug] [2021-04-08T12:51:58.116Z] ----------------------------------------------------------------------
[debug] 
[debug] [2021-04-08T12:51:58.138Z] > command requires scopes: ["email","openid","https://www.googleapis.com/auth/cloudplatformprojects.readonly","https://www.googleapis.com/auth/firebase","https://www.googleapis.com/auth/cloud-platform"]
[debug] [2021-04-08T12:51:58.138Z] > authorizing via signed-in user (bluestacher11@gmail.com)
[debug] [2021-04-08T12:51:58.139Z] [iam] checking project games-planet-pro for permissions ["firebase.projects.get","firebasehosting.sites.update"]
[debug] [2021-04-08T12:51:58.143Z] > refreshing access token with scopes: ["email","https://www.googleapis.com/auth/cloud-platform","https://www.googleapis.com/auth/cloudplatformprojects.readonly","https://www.googleapis.com/auth/firebase","openid"]
[debug] [2021-04-08T12:51:58.143Z] >>> HTTP REQUEST POST https://www.googleapis.com/oauth2/v3/token  
 <request body omitted>
[debug] [2021-04-08T12:52:09.273Z] [iam] error while checking permissions, command may fail: FirebaseError: Authentication Error: Your credentials are no longer valid. Please run firebase login --reauth

For CI servers and headless environments, generate a new token with firebase login:ci
[debug] [2021-04-08T12:52:09.275Z] > refreshing access token with scopes: []
[debug] [2021-04-08T12:52:09.275Z] >>> HTTP REQUEST POST https://www.googleapis.com/oauth2/v3/token  
 <request body omitted>
[debug] [2021-04-08T12:52:20.356Z] Authentication Error: Your credentials are no longer valid. Please run firebase login --reauth

For CI servers and headless environments, generate a new token with firebase login:ci
[debug] [2021-04-08T12:52:20.366Z] FirebaseError: Authentication Error: Your credentials are no longer valid. Please run firebase login --reauth

For CI servers and headless environments, generate a new token with firebase login:ci
    at invalidCredentialError (C:\Users\SAJID\AppData\Roaming\npm\node_modules\firebase-tools\lib\auth.js:141:12)
    at refreshTokens (C:\Users\SAJID\AppData\Roaming\npm\node_modules\firebase-tools\lib\auth.js:450:15)
    at processTicksAndRejections (internal/process/task_queues.js:93:5)
    at async Client.getAccessToken (C:\Users\SAJID\AppData\Roaming\npm\node_modules\firebase-tools\lib\apiv2.js:144:23)
    at async Client.addAuthHeader (C:\Users\SAJID\AppData\Roaming\npm\node_modules\firebase-tools\lib\apiv2.js:135:21)
    at async Client.request (C:\Users\SAJID\AppData\Roaming\npm\node_modules\firebase-tools\lib\apiv2.js:93:34)
    at async Object.getFirebaseProject (C:\Users\SAJID\AppData\Roaming\npm\node_modules\firebase-tools\lib\management\projects.js:290:21)
    at async Object.getDefaultHostingSite (C:\Users\SAJID\AppData\Roaming\npm\node_modules\firebase-tools\lib\getDefaultHostingSite.js:8:21)
    at async requireHostingSite (C:\Users\SAJID\AppData\Roaming\npm\node_modules\firebase-tools\lib\requireHostingSite.js:9:18)
    at async Object.fn (C:\Users\SAJID\AppData\Roaming\npm\node_modules\firebase-tools\lib\commands\deploy.js:66:9)
    at async C:\Users\SAJID\AppData\Roaming\npm\node_modules\firebase-tools\lib\command.js:169:17
[error] 
[error] Error: Failed to get Firebase project games-planet-pro. Please make sure the project exists and your account has permission to access it.
